This is pdfTeX, Version 3.14159265-2.6-1.40.20 (TeX Live 2019/Debian) (preloaded format=pdflatex 2021.7.26)  2 AUG 2023 12:28
entering extended mode
 restricted \write18 enabled.
 file:line:error style messages enabled.
 %&-line parsing enabled.
**BasicCategoryTheory.tex
(./BasicCategoryTheory.tex
LaTeX2e <2020-02-02> patch level 2
L3 programming layer <2020-02-14> (./cambridge7A.cls

LaTeX Warning: You have requested document class `cambridge7a',
               but the document class provides `cambridge7A.cls'.

Document Class: cambridge7A.cls 2011/02/28, v3.00 gamma 
\AJW@indent=\dimen134
\AJW@floatindent=\dimen135
*** Using cambridge7A.cls, authored option [default] ***
\AJW@baseskip=\skip47
\AJW@theskip=\skip48
\AJW@measure=\dimen136
\AJW@headwidth=\dimen137
\apptmp=\count167
\@dotbox=\box45
\c@part=\count168
\c@chapter=\count169
\c@section=\count170
\c@subsection=\count171
\c@subsubsection=\count172
\c@paragraph=\count173
\c@subparagraph=\count174
\c@ex@bean=\count175
\tmp=\count176
\c@ex@beanbychapter=\count177
\c@prob@bean=\count178
\tmp=\count179
\c@prob@beanbychapter=\count180
\AJW@tocindent=\dimen138
\AJW@toclmarg=\dimen139
\bibindent=\dimen140
\@footindent=\skip49
\c@endnote=\count181
\endnotesep=\dimen141
\@enotes=\write3
\figcapindent=\skip50
\figcapwidth=\skip51
\@figbox=\box46
\AJW@floatwidth=\dimen142
\c@figure=\count182
\c@table=\count183
) (./macros.tex (/usr/share/texlive/texmf-dist/tex/latex/base/latexsym.sty
Package: latexsym 1998/08/17 v2.2e Standard LaTeX package (lasy symbols)
\symlasy=\mathgroup4
LaTeX Font Info:    Overwriting symbol font `lasy' in version `bold'
(Font)                  U/lasy/m/n --> U/lasy/b/n on input line 52.
) (/usr/share/texlive/texmf-dist/tex/latex/amsfonts/amssymb.sty
Package: amssymb 2013/01/14 v3.01 AMS font symbols
 (/usr/share/texlive/texmf-dist/tex/latex/amsfonts/amsfonts.sty
Package: amsfonts 2013/01/14 v3.01 Basic AMSFonts support
\@emptytoks=\toks14
\symAMSa=\mathgroup5
\symAMSb=\mathgroup6
LaTeX Font Info:    Redeclaring math symbol \hbar on input line 98.
LaTeX Font Info:    Overwriting math alphabet `\mathfrak' in version `bold'
(Font)                  U/euf/m/n --> U/euf/b/n on input line 106.
)) (/usr/share/texlive/texmf-dist/tex/latex/amsmath/amsmath.sty
Package: amsmath 2020/01/20 v2.17e AMS math features
\@mathmargin=\skip52

For additional information on amsmath, use the `?' option.
(/usr/share/texlive/texmf-dist/tex/latex/amsmath/amstext.sty
Package: amstext 2000/06/29 v2.01 AMS text
 (/usr/share/texlive/texmf-dist/tex/latex/amsmath/amsgen.sty
File: amsgen.sty 1999/11/30 v2.0 generic functions
\@emptytoks=\toks15
\ex@=\dimen143
)) (/usr/share/texlive/texmf-dist/tex/latex/amsmath/amsbsy.sty
Package: amsbsy 1999/11/29 v1.2d Bold Symbols
\pmbraise@=\dimen144
) (/usr/share/texlive/texmf-dist/tex/latex/amsmath/amsopn.sty
Package: amsopn 2016/03/08 v2.02 operator names
)
\inf@bad=\count184
LaTeX Info: Redefining \frac on input line 227.
\uproot@=\count185
\leftroot@=\count186
LaTeX Info: Redefining \overline on input line 389.
\classnum@=\count187
\DOTSCASE@=\count188
LaTeX Info: Redefining \ldots on input line 486.
LaTeX Info: Redefining \dots on input line 489.
LaTeX Info: Redefining \cdots on input line 610.
\Mathstrutbox@=\box47
\strutbox@=\box48
\big@size=\dimen145
LaTeX Font Info:    Redeclaring font encoding OML on input line 733.
LaTeX Font Info:    Redeclaring font encoding OMS on input line 734.
\macc@depth=\count189
\c@MaxMatrixCols=\count190
\dotsspace@=\muskip16
\c@parentequation=\count191
\dspbrk@lvl=\count192
\tag@help=\toks16
\row@=\count193
\column@=\count194
\maxfields@=\count195
\andhelp@=\toks17
\eqnshift@=\dimen146
\alignsep@=\dimen147
\tagshift@=\dimen148
\tagwidth@=\dimen149
\totwidth@=\dimen150
\lineht@=\dimen151
\@envbody=\toks18
\multlinegap=\skip53
\multlinetaggap=\skip54
\mathdisplay@stack=\toks19
LaTeX Info: Redefining \[ on input line 2859.
LaTeX Info: Redefining \] on input line 2860.
) (/usr/share/texlive/texmf-dist/tex/latex/bbm-macros/bbm.sty
Package: bbm 1999/03/15 V 1.2 provides fonts for set symbols - TH
LaTeX Font Info:    Overwriting math alphabet `\mathbbm' in version `bold'
(Font)                  U/bbm/m/n --> U/bbm/bx/n on input line 33.
LaTeX Font Info:    Overwriting math alphabet `\mathbbmss' in version `bold'
(Font)                  U/bbmss/m/n --> U/bbmss/bx/n on input line 35.
) (/usr/share/texlive/texmf-dist/tex/latex/jknapltx/mathrsfs.sty
Package: mathrsfs 1996/01/01 Math RSFS package v1.0 (jk)
\symrsfs=\mathgroup7
) (/usr/share/texlive/texmf-dist/tex/latex/graphics/graphicx.sty
Package: graphicx 2019/11/30 v1.2a Enhanced LaTeX Graphics (DPC,SPQR)
 (/usr/share/texlive/texmf-dist/tex/latex/graphics/keyval.sty
Package: keyval 2014/10/28 v1.15 key=value parser (DPC)
\KV@toks@=\toks20
) (/usr/share/texlive/texmf-dist/tex/latex/graphics/graphics.sty
Package: graphics 2019/11/30 v1.4a Standard LaTeX Graphics (DPC,SPQR)
 (/usr/share/texlive/texmf-dist/tex/latex/graphics/trig.sty
Package: trig 2016/01/03 v1.10 sin cos tan (DPC)
) (/usr/share/texlive/texmf-dist/tex/latex/graphics-cfg/graphics.cfg
File: graphics.cfg 2016/06/04 v1.11 sample graphics configuration
)
Package graphics Info: Driver file: pdftex.def on input line 105.
 (/usr/share/texlive/texmf-dist/tex/latex/graphics-def/pdftex.def
File: pdftex.def 2018/01/08 v1.0l Graphics/color driver for pdftex
))
\Gin@req@height=\dimen152
\Gin@req@width=\dimen153
) (/usr/share/texlive/texmf-dist/tex/latex/graphics/color.sty
Package: color 2019/11/23 v1.2a Standard LaTeX Color (DPC)
 (/usr/share/texlive/texmf-dist/tex/latex/graphics-cfg/color.cfg
File: color.cfg 2016/01/02 v1.6 sample color configuration
)
Package color Info: Driver file: pdftex.def on input line 147.
) (/usr/share/texlive/texmf-dist/tex/latex/tools/multicol.sty
Package: multicol 2019/12/09 v1.8y multicolumn formatting (FMi)
\c@tracingmulticols=\count196
\mult@box=\box49
\multicol@leftmargin=\dimen154
\c@unbalance=\count197
\c@collectmore=\count198
\doublecol@number=\count199
\multicoltolerance=\count266
\multicolpretolerance=\count267
\full@width=\dimen155
\page@free=\dimen156
\premulticols=\dimen157
\postmulticols=\dimen158
\multicolsep=\skip55
\multicolbaselineskip=\skip56
\partial@page=\box50
\last@line=\box51
\maxbalancingoverflow=\dimen159
\mult@rightbox=\box52
\mult@grightbox=\box53
\mult@gfirstbox=\box54
\mult@firstbox=\box55
\@tempa=\box56
\@tempa=\box57
\@tempa=\box58
\@tempa=\box59
\@tempa=\box60
\@tempa=\box61
\@tempa=\box62
\@tempa=\box63
\@tempa=\box64
\@tempa=\box65
\@tempa=\box66
\@tempa=\box67
\@tempa=\box68
\@tempa=\box69
\@tempa=\box70
\@tempa=\box71
\@tempa=\box72
\@tempa=\box73
\@tempa=\box74
\@tempa=\box75
\@tempa=\box76
\@tempa=\box77
\@tempa=\box78
\@tempa=\box79
\@tempa=\box80
\@tempa=\box81
\@tempa=\box82
\@tempa=\box83
\@tempa=\box84
\@tempa=\box85
\@tempa=\box86
\@tempa=\box87
\@tempa=\box88
\@tempa=\box89
\@tempa=\box90
\@tempa=\box91
\@tempa=\box92
\c@minrows=\count268
\c@columnbadness=\count269
\c@finalcolumnbadness=\count270
\last@try=\dimen160
\multicolovershoot=\dimen161
\multicolundershoot=\dimen162
\mult@nat@firstbox=\box93
\colbreak@box=\box94
\mc@col@check@num=\count271
) (/usr/share/texlive/texmf-dist/tex/latex/txfonts/txfonts.sty
Package: txfonts 2008/01/22 v3.2.1
LaTeX Font Info:    Redeclaring symbol font `operators' on input line 21.
LaTeX Font Info:    Overwriting symbol font `operators' in version `normal'
(Font)                  OT1/cmr/m/n --> OT1/txr/m/n on input line 21.
LaTeX Font Info:    Overwriting symbol font `operators' in version `bold'
(Font)                  OT1/cmr/bx/n --> OT1/txr/m/n on input line 21.
LaTeX Font Info:    Overwriting symbol font `operators' in version `bold'
(Font)                  OT1/txr/m/n --> OT1/txr/bx/n on input line 22.
\symitalic=\mathgroup8
LaTeX Font Info:    Overwriting symbol font `italic' in version `bold'
(Font)                  OT1/txr/m/it --> OT1/txr/bx/it on input line 26.
LaTeX Font Info:    Redeclaring math alphabet \mathbf on input line 29.
LaTeX Font Info:    Overwriting math alphabet `\mathbf' in version `normal'
(Font)                  OT1/cmr/bx/n --> OT1/txr/bx/n on input line 29.
LaTeX Font Info:    Overwriting math alphabet `\mathbf' in version `bold'
(Font)                  OT1/cmr/bx/n --> OT1/txr/bx/n on input line 29.
LaTeX Font Info:    Redeclaring math alphabet \mathit on input line 30.
LaTeX Font Info:    Overwriting math alphabet `\mathit' in version `normal'
(Font)                  OT1/cmr/m/it --> OT1/txr/m/it on input line 30.
LaTeX Font Info:    Overwriting math alphabet `\mathit' in version `bold'
(Font)                  OT1/cmr/bx/it --> OT1/txr/m/it on input line 30.
LaTeX Font Info:    Overwriting math alphabet `\mathit' in version `bold'
(Font)                  OT1/txr/m/it --> OT1/txr/bx/it on input line 31.
LaTeX Font Info:    Redeclaring math alphabet \mathsf on input line 40.
LaTeX Font Info:    Overwriting math alphabet `\mathsf' in version `normal'
(Font)                  OT1/cmss/m/n --> OT1/txss/m/n on input line 40.
LaTeX Font Info:    Overwriting math alphabet `\mathsf' in version `bold'
(Font)                  OT1/cmss/bx/n --> OT1/txss/m/n on input line 40.
LaTeX Font Info:    Overwriting math alphabet `\mathsf' in version `bold'
(Font)                  OT1/txss/m/n --> OT1/txss/b/n on input line 41.
LaTeX Font Info:    Redeclaring math alphabet \mathtt on input line 50.
LaTeX Font Info:    Overwriting math alphabet `\mathtt' in version `normal'
(Font)                  OT1/cmtt/m/n --> OT1/txtt/m/n on input line 50.
LaTeX Font Info:    Overwriting math alphabet `\mathtt' in version `bold'
(Font)                  OT1/cmtt/m/n --> OT1/txtt/m/n on input line 50.
LaTeX Font Info:    Overwriting math alphabet `\mathtt' in version `bold'
(Font)                  OT1/txtt/m/n --> OT1/txtt/b/n on input line 51.
LaTeX Font Info:    Redeclaring symbol font `letters' on input line 58.
LaTeX Font Info:    Overwriting symbol font `letters' in version `normal'
(Font)                  OML/cmm/m/it --> OML/txmi/m/it on input line 58.
LaTeX Font Info:    Overwriting symbol font `letters' in version `bold'
(Font)                  OML/cmm/b/it --> OML/txmi/m/it on input line 58.
LaTeX Font Info:    Overwriting symbol font `letters' in version `bold'
(Font)                  OML/txmi/m/it --> OML/txmi/bx/it on input line 59.
\symlettersA=\mathgroup9
LaTeX Font Info:    Overwriting symbol font `lettersA' in version `bold'
(Font)                  U/txmia/m/it --> U/txmia/bx/it on input line 67.
LaTeX Font Info:    Redeclaring math alphabet \mathfrak on input line 70.
LaTeX Font Info:    Redeclaring symbol font `symbols' on input line 77.
LaTeX Font Info:    Overwriting symbol font `symbols' in version `normal'
(Font)                  OMS/cmsy/m/n --> OMS/txsy/m/n on input line 77.
LaTeX Font Info:    Overwriting symbol font `symbols' in version `bold'
(Font)                  OMS/cmsy/b/n --> OMS/txsy/m/n on input line 77.
LaTeX Font Info:    Overwriting symbol font `symbols' in version `bold'
(Font)                  OMS/txsy/m/n --> OMS/txsy/bx/n on input line 78.
LaTeX Font Info:    Redeclaring symbol font `AMSa' on input line 93.
LaTeX Font Info:    Overwriting symbol font `AMSa' in version `normal'
(Font)                  U/msa/m/n --> U/txsya/m/n on input line 93.
LaTeX Font Info:    Overwriting symbol font `AMSa' in version `bold'
(Font)                  U/msa/m/n --> U/txsya/m/n on input line 93.
LaTeX Font Info:    Overwriting symbol font `AMSa' in version `bold'
(Font)                  U/txsya/m/n --> U/txsya/bx/n on input line 94.
LaTeX Font Info:    Redeclaring symbol font `AMSb' on input line 102.
LaTeX Font Info:    Overwriting symbol font `AMSb' in version `normal'
(Font)                  U/msb/m/n --> U/txsyb/m/n on input line 102.
LaTeX Font Info:    Overwriting symbol font `AMSb' in version `bold'
(Font)                  U/msb/m/n --> U/txsyb/m/n on input line 102.
LaTeX Font Info:    Overwriting symbol font `AMSb' in version `bold'
(Font)                  U/txsyb/m/n --> U/txsyb/bx/n on input line 103.
\symsymbolsC=\mathgroup10
LaTeX Font Info:    Overwriting symbol font `symbolsC' in version `bold'
(Font)                  U/txsyc/m/n --> U/txsyc/bx/n on input line 113.
LaTeX Font Info:    Redeclaring symbol font `largesymbols' on input line 120.
LaTeX Font Info:    Overwriting symbol font `largesymbols' in version `normal'
(Font)                  OMX/cmex/m/n --> OMX/txex/m/n on input line 120.
LaTeX Font Info:    Overwriting symbol font `largesymbols' in version `bold'
(Font)                  OMX/cmex/m/n --> OMX/txex/m/n on input line 120.
LaTeX Font Info:    Overwriting symbol font `largesymbols' in version `bold'
(Font)                  OMX/txex/m/n --> OMX/txex/bx/n on input line 121.
\symlargesymbolsA=\mathgroup11
LaTeX Font Info:    Overwriting symbol font `largesymbolsA' in version `bold'
(Font)                  U/txexa/m/n --> U/txexa/bx/n on input line 129.
LaTeX Font Info:    Redeclaring math symbol \mathsterling on input line 164.
LaTeX Info: Redefining \not on input line 1043.
) (/usr/share/texlive/texmf-dist/tex/latex/url/url.sty
\Urlmuskip=\muskip17
Package: url 2013/09/16  ver 3.4  Verb mode for urls, etc.
) (/usr/share/texlive/texmf-dist/tex/latex/base/makeidx.sty
Package: makeidx 2014/09/29 v1.0m Standard LaTeX package
)
\@indexfile=\write4
\openout4 = `BasicCategoryTheory.idx'.


Writing index file BasicCategoryTheory.idx
(/usr/share/texlive/texmf-dist/tex/generic/xypic/xy.sty (/usr/share/texlive/texmf-dist/tex/generic/xypic/xy.tex Bootstrap'ing: catcodes, docmode, (/usr/share/texlive/texmf-dist/tex/generic/xypic/xyrecat.tex) (/usr/share/texlive/texmf-dist/tex/generic/xypic/xyidioms.tex)

 Xy-pic version 3.8.9 <2013/10/06>
 Copyright (c) 1991-2013 by Kristoffer H. Rose <krisrose@tug.org> and others
 Xy-pic is free software: see the User's Guide for details.

Loading kernel: messages; fonts; allocations: state,
\X@c=\dimen163
\Y@c=\dimen164
\U@c=\dimen165
\D@c=\dimen166
\L@c=\dimen167
\R@c=\dimen168
\Edge@c=\toks21
\X@p=\dimen169
\Y@p=\dimen170
\U@p=\dimen171
\D@p=\dimen172
\L@p=\dimen173
\R@p=\dimen174
\Edge@p=\toks22
\X@origin=\dimen175
\Y@origin=\dimen176
\X@xbase=\dimen177
\Y@xbase=\dimen178
\X@ybase=\dimen179
\Y@ybase=\dimen180
\X@min=\dimen181
\Y@min=\dimen182
\X@max=\dimen183
\Y@max=\dimen184
\lastobjectbox@=\box95
\zerodotbox@=\box96
\almostz@=\dimen185
 direction,
\d@X=\dimen186
\d@Y=\dimen187
\K@=\count272
\KK@=\count273
\Direction=\count274
\K@dXdY=\dimen188
\K@dYdX=\dimen189
\xyread@=\read2
\xywrite@=\write5
\csp@=\count275
\quotPTK@=\dimen190
 utility macros; pictures: \xy, positions,
\swaptoks@@=\toks23
\connectobjectbox@@=\box97
 objects,
\styletoks@=\toks24
 decorations; kernel objects: directionals, circles, text; options; algorithms: directions, edges, connections;  Xy-pic loaded) (/usr/share/texlive/texmf-dist/tex/generic/iftex/ifpdf.sty
Package: ifpdf 2019/10/25 v3.4 ifpdf legacy package. Use iftex instead.
 (/usr/share/texlive/texmf-dist/tex/generic/iftex/iftex.sty
Package: iftex 2019/11/07 v1.0c TeX engine tests
))
Package: xy 2013/10/06 Xy-pic version 3.8.9
 (/usr/share/texlive/texmf-dist/tex/generic/xypic/xyall.tex  Xy-pic option: All features v.3.8 (/usr/share/texlive/texmf-dist/tex/generic/xypic/xycurve.tex  Xy-pic option: Curve and Spline extension v.3.12 curve,
\crv@cnt@=\count276
\crvpts@=\toks25
\splinebox@=\box98
\splineval@=\dimen191
\splinedepth@=\dimen192
\splinetol@=\dimen193
\splinelength@=\dimen194
 circles,
\L@=\dimen195
 loaded) (/usr/share/texlive/texmf-dist/tex/generic/xypic/xyframe.tex  Xy-pic option: Frame and Bracket extension v.3.14 loaded) (/usr/share/texlive/texmf-dist/tex/generic/xypic/xycmtip.tex  Xy-pic option: Computer Modern tip extension v.3.7 (/usr/share/texlive/texmf-dist/tex/generic/xypic/xytips.tex  Xy-pic option: More Tips extension v.3.11 loaded) loaded) (/usr/share/texlive/texmf-dist/tex/generic/xypic/xyline.tex  Xy-pic option: Line styles extension v.3.10
\xylinethick@=\dimen196
 loaded) (/usr/share/texlive/texmf-dist/tex/generic/xypic/xyrotate.tex  Xy-pic option: Rotate and Scale extension v.3.8 loaded) (/usr/share/texlive/texmf-dist/tex/generic/xypic/xycolor.tex  Xy-pic option: Colour extension v.3.11 loaded) (/usr/share/texlive/texmf-dist/tex/generic/xypic/xymatrix.tex  Xy-pic option: Matrix feature v.3.14
\Row=\count277
\Col=\count278
\queue@=\toks26
\queue@@=\toks27
\qcount@=\count279
\qcount@@=\count280
\matrixsize@=\count281
 loaded) (/usr/share/texlive/texmf-dist/tex/generic/xypic/xyarrow.tex  Xy-pic option: Arrow and Path feature v.3.9 path, \ar, loaded) (/usr/share/texlive/texmf-dist/tex/generic/xypic/xygraph.tex  Xy-pic option: Graph feature v.3.11 loaded) loaded) (/usr/share/texlive/texmf-dist/tex/generic/xypic/xy2cell.tex  Xy-pic option: Two-cell feature v.3.7 two-cells, loaded) (/usr/share/texlive/texmf-dist/tex/generic/xypic/xypdf.tex  Xy-pic option: PDF driver v.1.7 Xy-pic pdf driver: `color' extension support (/usr/share/texlive/texmf-dist/tex/generic/xypic/xypdf-co.tex loaded)
Xy-pic pdf driver: `curve' extension support (/usr/share/texlive/texmf-dist/tex/generic/xypic/xypdf-cu.tex loaded) Xy-pic pdf driver: `frame' extension support (/usr/share/texlive/texmf-dist/tex/generic/xypic/xypdf-fr.tex loaded) Xy-pic pdf driver: `line' extension support (/usr/share/texlive/texmf-dist/tex/generic/xypic/xypdf-li.tex loaded) Xy-pic pdf driver: `rotate' extension support (/usr/share/texlive/texmf-dist/tex/generic/xypic/xypdf-ro.tex loaded) loaded)) (/usr/share/texlive/texmf-dist/tex/generic/xypic/xyarc.tex  Xy-pic option: Circle, Ellipse, Arc feature v.3.8 circles, ellipses, elliptical arcs, loaded) (/usr/share/texlive/texmf-dist/tex/generic/xypic/xyrotate.tex  Xy-pic option: Rotate and Scale extension v.3.8 not reloaded) (/usr/share/texlive/texmf-dist/tex/latex/hyperref/hyperref.sty
Package: hyperref 2020/01/14 v7.00d Hypertext links for LaTeX
 (/usr/share/texlive/texmf-dist/tex/generic/ltxcmds/ltxcmds.sty
Package: ltxcmds 2019/12/15 v1.24 LaTeX kernel commands for general use (HO)
) (/usr/share/texlive/texmf-dist/tex/latex/pdftexcmds/pdftexcmds.sty
Package: pdftexcmds 2019/11/24 v0.31 Utility functions of pdfTeX for LuaTeX (HO)
 (/usr/share/texlive/texmf-dist/tex/generic/infwarerr/infwarerr.sty
Package: infwarerr 2019/12/03 v1.5 Providing info/warning/error messages (HO)
)
Package pdftexcmds Info: \pdf@primitive is available.
Package pdftexcmds Info: \pdf@ifprimitive is available.
Package pdftexcmds Info: \pdfdraftmode found.
) (/usr/share/texlive/texmf-dist/tex/generic/kvsetkeys/kvsetkeys.sty
Package: kvsetkeys 2019/12/15 v1.18 Key value parser (HO)
) (/usr/share/texlive/texmf-dist/tex/generic/kvdefinekeys/kvdefinekeys.sty
Package: kvdefinekeys 2019-12-19 v1.6 Define keys (HO)
) (/usr/share/texlive/texmf-dist/tex/generic/pdfescape/pdfescape.sty
Package: pdfescape 2019/12/09 v1.15 Implements pdfTeX's escape features (HO)
) (/usr/share/texlive/texmf-dist/tex/latex/hycolor/hycolor.sty
Package: hycolor 2020-01-27 v1.10 Color options for hyperref/bookmark (HO)
) (/usr/share/texlive/texmf-dist/tex/latex/letltxmacro/letltxmacro.sty
Package: letltxmacro 2019/12/03 v1.6 Let assignment for LaTeX macros (HO)
) (/usr/share/texlive/texmf-dist/tex/latex/auxhook/auxhook.sty
Package: auxhook 2019-12-17 v1.6 Hooks for auxiliary files (HO)
) (/usr/share/texlive/texmf-dist/tex/latex/kvoptions/kvoptions.sty
Package: kvoptions 2019/11/29 v3.13 Key value format for package options (HO)
)
\@linkdim=\dimen197
\Hy@linkcounter=\count282
\Hy@pagecounter=\count283
 (/usr/share/texlive/texmf-dist/tex/latex/hyperref/pd1enc.def
File: pd1enc.def 2020/01/14 v7.00d Hyperref: PDFDocEncoding definition (HO)
Now handling font encoding PD1 ...
... no UTF-8 mapping file for font encoding PD1
) (/usr/share/texlive/texmf-dist/tex/generic/intcalc/intcalc.sty
Package: intcalc 2019/12/15 v1.3 Expandable calculations with integers (HO)
) (/usr/share/texlive/texmf-dist/tex/generic/etexcmds/etexcmds.sty
Package: etexcmds 2019/12/15 v1.7 Avoid name clashes with e-TeX commands (HO)
)
\Hy@SavedSpaceFactor=\count284
\pdfmajorversion=\count285
Package hyperref Info: Hyper figures OFF on input line 4547.
Package hyperref Info: Link nesting OFF on input line 4552.
Package hyperref Info: Hyper index ON on input line 4555.
Package hyperref Info: Plain pages OFF on input line 4562.
Package hyperref Info: Backreferencing OFF on input line 4567.
Package hyperref Info: Implicit mode ON; LaTeX internals redefined.
Package hyperref Info: Bookmarks ON on input line 4800.
\c@Hy@tempcnt=\count286
LaTeX Info: Redefining \url on input line 5159.
\XeTeXLinkMargin=\dimen198
 (/usr/share/texlive/texmf-dist/tex/generic/bitset/bitset.sty
Package: bitset 2019/12/09 v1.3 Handle bit-vector datatype (HO)
 (/usr/share/texlive/texmf-dist/tex/generic/bigintcalc/bigintcalc.sty
Package: bigintcalc 2019/12/15 v1.5 Expandable calculations on big integers (HO)
))
\Fld@menulength=\count287
\Field@Width=\dimen199
\Fld@charsize=\dimen256
Package hyperref Info: Hyper figures OFF on input line 6430.
Package hyperref Info: Link nesting OFF on input line 6435.
Package hyperref Info: Hyper index ON on input line 6438.
Package hyperref Info: backreferencing OFF on input line 6445.
Package hyperref Info: Link coloring OFF on input line 6450.
Package hyperref Info: Link coloring with OCG OFF on input line 6455.
Package hyperref Info: PDF/A mode OFF on input line 6460.
LaTeX Info: Redefining \ref on input line 6500.
LaTeX Info: Redefining \pageref on input line 6504.
 (/usr/share/texlive/texmf-dist/tex/generic/atbegshi/atbegshi.sty
Package: atbegshi 2019/12/05 v1.19 At begin shipout hook (HO)
)
\Hy@abspage=\count288
\c@Item=\count289
\c@Hfootnote=\count290
)
Package hyperref Info: Driver (autodetected): hpdftex.
 (/usr/share/texlive/texmf-dist/tex/latex/hyperref/hpdftex.def
File: hpdftex.def 2020/01/14 v7.00d Hyperref driver for pdfTeX
 (/usr/share/texlive/texmf-dist/tex/latex/atveryend/atveryend.sty
Package: atveryend 2019-12-11 v1.11 Hooks at the very end of document (HO)
Package atveryend Info: \enddocument detected (standard20110627).
)
\Fld@listcount=\count291
\c@bookmark@seq@number=\count292

(/usr/share/texlive/texmf-dist/tex/latex/rerunfilecheck/rerunfilecheck.sty
Package: rerunfilecheck 2019/12/05 v1.9 Rerun checks for auxiliary files (HO)
 (/usr/share/texlive/texmf-dist/tex/generic/uniquecounter/uniquecounter.sty
Package: uniquecounter 2019/12/15 v1.4 Provide unlimited unique counter (HO)
)
Package uniquecounter Info: New unique counter `rerunfilecheck' on input line 286.
)
\Hy@SectionHShift=\skip57
)
Package hyperref Info: Option `colorlinks' set `true' on input line 37.
Package hyperref Info: Option `breaklinks' set `true' on input line 37.
) (./theoremenvts.tex (/usr/share/texlive/texmf-dist/tex/latex/ntheorem/ntheorem.sty
Style `ntheorem', Version 1.33 <2011/08/15>
Package: ntheorem 2011/08/15 1.33
(/usr/share/texlive/texmf-dist/tex/latex/base/ifthen.sty
Package: ifthen 2014/09/29 v1.1c Standard LaTeX ifthen package (DPC)
)
\theorem@style=\toks28
\theorem@@style=\toks29
\theorembodyfont=\toks30
\theoremnumbering=\toks31
\theorempreskipamount=\skip58
\theorempostskipamount=\skip59
\theoremframepreskipamount=\skip60
\theoremframepostskipamount=\skip61
\theoreminframepreskipamount=\skip62
\theoreminframepostskipamount=\skip63
\theorem@preskip=\toks32
\theorem@postskip=\toks33
\theorem@framepreskip=\toks34
\theorem@framepostskip=\toks35
\theorem@inframepreskip=\toks36
\theorem@inframepostskip=\toks37
\theoremindent=\dimen257
\theorem@indent=\dimen258
\theoremrightindent=\dimen259
\theorem@rightindent=\dimen260
\theoremheaderfont=\toks38
\theoremseparator=\toks39
\theoremprework=\toks40
\theorempostwork=\toks41
\theoremsymbol=\toks42
\qedsymbol=\toks43
\theoremkeyword=\toks44
\qedsymbol=\toks45
\thm@topsep=\skip64
\thm@topsepadd=\skip65
Package ntheorem Info: Option `thmmarks' loaded on input line 1175.
\c@endNonectr=\count293
\c@currNonectr=\count294
\mysavskip=\skip66
Package ntheorem Info: option `amsmath' handling for `thmmarks' loaded on input line 1175.
\thm@amstmpdepth=\dimen261
\tagwidth=\dimen262
)
\c@currthmctr=\count295
\c@endthmctr=\count296
\c@thm=\count297
\c@currpropnctr=\count298
\c@endpropnctr=\count299
\c@currlemmactr=\count300
\c@endlemmactr=\count301
\c@currcorctr=\count302
\c@endcorctr=\count303
\c@currilemmactr=\count304
\c@endilemmactr=\count305
\c@ilemma=\count306
\c@curralemmactr=\count307
\c@endalemmactr=\count308
\c@alemma=\count309
\c@currdefnctr=\count310
\c@enddefnctr=\count311
\c@currexamplectr=\count312
\c@endexamplectr=\count313
\c@currexamplesctr=\count314
\c@endexamplesctr=\count315
\c@currremarkctr=\count316
\c@endremarkctr=\count317
\c@currremarksctr=\count318
\c@endremarksctr=\count319
\c@currwarningctr=\count320
\c@endwarningctr=\count321
\c@currnotnctr=\count322
\c@endnotnctr=\count323
\c@currconstnctr=\count324
\c@endconstnctr=\count325
\c@currquestionctr=\count326
\c@endquestionctr=\count327
\c@curriexamplectr=\count328
\c@endiexamplectr=\count329
\c@curriquestionctr=\count330
\c@endiquestionctr=\count331
\c@curraquestionctr=\count332
\c@endaquestionctr=\count333
\c@currpfctr=\count334
\c@endpfctr=\count335
\c@pf=\count336
\c@currpfoftheoremctr=\count337
\c@endpfoftheoremctr=\count338
\c@pfoftheorem=\count339
) (/usr/share/texlive/texmf-dist/tex/latex/l3backend/l3backend-pdfmode.def
File: l3backend-pdfmode.def 2020-02-03 L3 backend support: PDF mode
\l__kernel_color_stack_int=\count340
\l__pdf_internal_box=\box99
) (./BasicCategoryTheory.aux (./titlepages.aux) (./arxivpreface.aux) (./front.aux) (./preface.aux) (./intro.aux) (./cfnt.aux) (./adj.aux) (./sets.aux) (./rep.aux) (./lims.aux) (./arl.aux) (./gaft.aux) (./reading.aux) (./notation.aux))
\openout1 = `BasicCategoryTheory.aux'.

LaTeX Font Info:    Checking defaults for OML/txmi/m/it on input line 15.
LaTeX Font Info:    Trying to load font information for OML+txmi on input line 15.
 (/usr/share/texlive/texmf-dist/tex/latex/txfonts/omltxmi.fd
File: omltxmi.fd 2000/12/15 v3.1
)
LaTeX Font Info:    ... okay on input line 15.
LaTeX Font Info:    Checking defaults for OMS/txsy/m/n on input line 15.
LaTeX Font Info:    Trying to load font information for OMS+txsy on input line 15.
 (/usr/share/texlive/texmf-dist/tex/latex/txfonts/omstxsy.fd
File: omstxsy.fd 2000/12/15 v3.1
)
LaTeX Font Info:    ... okay on input line 15.
LaTeX Font Info:    Checking defaults for OT1/cmr/m/n on input line 15.
LaTeX Font Info:    ... okay on input line 15.
LaTeX Font Info:    Checking defaults for T1/cmr/m/n on input line 15.
LaTeX Font Info:    ... okay on input line 15.
LaTeX Font Info:    Checking defaults for TS1/cmr/m/n on input line 15.
LaTeX Font Info:    ... okay on input line 15.
LaTeX Font Info:    Checking defaults for OMX/txex/m/n on input line 15.
LaTeX Font Info:    Trying to load font information for OMX+txex on input line 15.
 (/usr/share/texlive/texmf-dist/tex/latex/txfonts/omxtxex.fd
File: omxtxex.fd 2000/12/15 v3.1
)
LaTeX Font Info:    ... okay on input line 15.
LaTeX Font Info:    Checking defaults for U/txexa/m/n on input line 15.
LaTeX Font Info:    Trying to load font information for U+txexa on input line 15.
 (/usr/share/texlive/texmf-dist/tex/latex/txfonts/utxexa.fd
File: utxexa.fd 2000/12/15 v3.1
)
LaTeX Font Info:    ... okay on input line 15.
LaTeX Font Info:    Checking defaults for PD1/pdf/m/n on input line 15.
LaTeX Font Info:    ... okay on input line 15.
LaTeX Font Info:    Trying to load font information for OT1+txr on input line 15.
 (/usr/share/texlive/texmf-dist/tex/latex/txfonts/ot1txr.fd
File: ot1txr.fd 2000/12/15 v3.1
) (/usr/share/texlive/texmf-dist/tex/context/base/mkii/supp-pdf.mkii
[Loading MPS to PDF converter (version 2006.09.02).]
\scratchcounter=\count341
\scratchdimen=\dimen263
\scratchbox=\box100
\nofMPsegments=\count342
\nofMParguments=\count343
\everyMPshowfont=\toks46
\MPscratchCnt=\count344
\MPscratchDim=\dimen264
\MPnumerator=\count345
\makeMPintoPDFobject=\count346
\everyMPtoPDFconversion=\toks47
) (/usr/share/texlive/texmf-dist/tex/latex/epstopdf-pkg/epstopdf-base.sty
Package: epstopdf-base 2020-01-24 v2.11 Base part for package epstopdf
 (/usr/share/texlive/texmf-dist/tex/latex/grfext/grfext.sty
Package: grfext 2019/12/03 v1.3 Manage graphics extensions (HO)
)
Package epstopdf-base Info: Redefining graphics rule for `.eps' on input line 485.
Package grfext Info: Graphics extension search list:
(grfext)             [.pdf,.png,.jpg,.mps,.jpeg,.jbig2,.jb2,.PDF,.PNG,.JPG,.JPEG,.JBIG2,.JB2,.eps]
(grfext)             \AppendGraphicsExtensions on input line 504.
 (/usr/share/texlive/texmf-dist/tex/latex/latexconfig/epstopdf-sys.cfg
File: epstopdf-sys.cfg 2010/07/13 v1.3 Configuration of (r)epstopdf for TeX Live
))
LaTeX Font Info:    Trying to load font information for U+lasy on input line 15.
 (/usr/share/texlive/texmf-dist/tex/latex/base/ulasy.fd
File: ulasy.fd 1998/08/17 v2.2e LaTeX symbol font definitions
)
LaTeX Font Info:    Trying to load font information for U+txsya on input line 15.
 (/usr/share/texlive/texmf-dist/tex/latex/txfonts/utxsya.fd
File: utxsya.fd 2000/12/15 v3.1
)
LaTeX Font Info:    Trying to load font information for U+txsyb on input line 15.
 (/usr/share/texlive/texmf-dist/tex/latex/txfonts/utxsyb.fd
File: utxsyb.fd 2000/12/15 v3.1
)
LaTeX Font Info:    Trying to load font information for U+rsfs on input line 15.
 (/usr/share/texlive/texmf-dist/tex/latex/jknapltx/ursfs.fd
File: ursfs.fd 1998/03/24 rsfs font definition file (jk)
)
LaTeX Font Info:    Trying to load font information for U+txmia on input line 15.
 (/usr/share/texlive/texmf-dist/tex/latex/txfonts/utxmia.fd
File: utxmia.fd 2000/12/15 v3.1
)
LaTeX Font Info:    Trying to load font information for U+txsyc on input line 15.
 (/usr/share/texlive/texmf-dist/tex/latex/txfonts/utxsyc.fd
File: utxsyc.fd 2000/12/15 v3.1
)
Package xypdf Info: Line width: 0.56pt on input line 15.
\AtBeginShipoutBox=\box101
Package hyperref Info: Link coloring ON on input line 15.
 (/usr/share/texlive/texmf-dist/tex/latex/hyperref/nameref.sty
Package: nameref 2019/09/16 v2.46 Cross-referencing by name of section
 (/usr/share/texlive/texmf-dist/tex/latex/refcount/refcount.sty
Package: refcount 2019/12/15 v3.6 Data extraction from label references (HO)
) (/usr/share/texlive/texmf-dist/tex/generic/gettitlestring/gettitlestring.sty
Package: gettitlestring 2019/12/15 v1.6 Cleanup title references (HO)
)
\c@section@level=\count347
)
LaTeX Info: Redefining \ref on input line 15.
LaTeX Info: Redefining \pageref on input line 15.
LaTeX Info: Redefining \nameref on input line 15.
 (./BasicCategoryTheory.out) (./BasicCategoryTheory.out)
\@outlinefile=\write6
\openout6 = `BasicCategoryTheory.out'.

\openout2 = `titlepages.aux'.

 (./titlepages.tex
LaTeX Font Info:    Font shape `OT1/txr/b/n' in size <10> not available
(Font)              Font shape `OT1/txr/bx/n' tried instead on input line 14.
LaTeX Font Info:    Font shape `OT1/txr/b/n' in size <18> not available
(Font)              Font shape `OT1/txr/bx/n' tried instead on input line 14.
 [1


{/var/lib/texmf/fonts/map/pdftex/updmap/pdftex.map}]
LaTeX Font Info:    Trying to load font information for TS1+txr on input line 44.
 (/usr/share/texlive/texmf-dist/tex/latex/txfonts/ts1txr.fd
File: ts1txr.fd 2000/12/15 v3.1
)) [2]
\openout2 = `arxivpreface.aux'.

 (./arxivpreface.tex [3




]) [4]
\openout2 = `front.aux'.

 (./front.tex (./BasicCategoryTheory.toc
LaTeX Font Info:    Font shape `OT1/txr/b/it' in size <10> not available
(Font)              Font shape `OT1/txr/bx/it' tried instead on input line 28.
)
\tf@toc=\write7
\openout7 = `BasicCategoryTheory.toc'.

 [5



]) [6

]
\openout2 = `preface.aux'.

 (./preface.tex

Package hyperref Warning: bookmark level for unknown schapter defaults to 0.

[7



]) [8]
\openout2 = `intro.aux'.

 (./intro.tex
Package hyperref Info: bookmark level for unknown iexample defaults to 0 on input line 36.
pdfTeX warning (ext4): destination with the same identifier (name{page.1}) has been already used, duplicate ignored
<to be read again> 
                   \relax 
l.72 
      [1




]
Package hyperref Info: bookmark level for unknown ilemma defaults to 0 on input line 137.
Package hyperref Info: bookmark level for unknown pf defaults to 0 on input line 146.
pdfTeX warning (ext4): destination with the same identifier (name{page.2}) has been already used, duplicate ignored
<to be read again> 
                   \relax 
l.150 S
       ince $A$ is initial, there is a unique homomorphism $\phi\from A \to [2] <xymatrix 2x2 141> [3] <xymatrix 2x2 144> <xymatrix 2x2 144> [4] <xymatrix 2x3 240> [5] <xymatrix 3x1 142> <xymatrix 2x2 194> <xymatrix 3x3 351> [6] <xymatrix 2x2 194>
LaTeX Font Info:    Font shape `OT1/txr/b/n' in size <10.95> not available
(Font)              Font shape `OT1/txr/bx/n' tried instead on input line 527.
Package hyperref Info: bookmark level for unknown iquestion defaults to 0 on input line 531.
 [7]) [8]
\openout2 = `cfnt.aux'.

 (./cfnt.tex
Chapter 1.
LaTeX Font Info:    Font shape `OT1/txr/b/n' in size <12> not available
(Font)              Font shape `OT1/txr/bx/n' tried instead on input line 62.
Package hyperref Info: bookmark level for unknown defn defaults to 0 on input line 67.

Underfull \vbox (badness 10000) has occurred while \output is active []

 [9



]
Package hyperref Info: bookmark level for unknown remarks defaults to 0 on input line 156.
 <xymatrix 2x1 94> [10] <xymatrix 3x2 231>
Package hyperref Info: bookmark level for unknown examples defaults to 0 on input line 279.
 [11]
Package hyperref Info: bookmark level for unknown example defaults to 0 on input line 379.
 [12] <xymatrix 2x1 80> <xymatrix 3x2 149> <xymatrix 3x2 313> [13] <xymatrix 1x1 193> [14] [15]
Package hyperref Info: bookmark level for unknown constn defaults to 0 on input line 696.
Package hyperref Info: bookmark level for unknown remark defaults to 0 on input line 728.
Package hyperref Info: bookmark level for unknown question defaults to 0 on input line 775.
 [16] [17] <xymatrix 2x1 94> [18] [19] [20] [21] [22] [23] [24]
Package hyperref Info: bookmark level for unknown warning defaults to 0 on input line 1533.
 <xymatrix 3x2 56> <xymatrix 3x2 63> <xymatrix 3x1 102> <xymatrix 3x2 149> [25] [26] <xymatrix 2x1 94> [27] <xymatrix 4x1 18> <xymatrix 7x2 214> <xymatrix 2x1 94> <xymatrix 2x1 94> <xymatrix 2x2 182> <xymatrix 2x1 20> [28] <xymatrix 2x1 20> [29] <xymatrix 3x1 24> <xymatrix 2x1 71> <xymatrix 2x1 20> <xymatrix 2x1 20> [30] <xymatrix 2x1 94> <xymatrix 2x1 20>
Package hyperref Info: bookmark level for unknown lemma defaults to 0 on input line 2174.
 <xymatrix 2x1 20> [31] <xymatrix 2x1 94> <xymatrix 2x1 94> <xymatrix 2x1 20> [32] <xymatrix 2x1 100> [33]
Package hyperref Info: bookmark level for unknown propn defaults to 0 on input line 2405.
Package hyperref Info: bookmark level for unknown cor defaults to 0 on input line 2433.
 [34] [35] <xymatrix 2x1 64> [36] <xymatrix 3x1 34> <xymatrix 2x1 20> <xymatrix 2x2 182> <xymatrix 3x1 65> <xymatrix 2x1 20> <xymatrix 3x1 65> <xymatrix 2x1 20> <xymatrix 3x1 136>
Underfull \vbox (badness 1721) has occurred while \output is active []

 [37] [38] [39]) [40]
\openout2 = `adj.aux'.

 (./adj.tex
Chapter 2.
<xymatrix 2x1 94> [41



] [42]
LaTeX Font Info:    Font shape `U/lasy/b/n' in size <7> not available
(Font)              Font shape `U/lasy/m/n' tried instead on input line 213.
LaTeX Font Info:    Font shape `U/lasy/b/n' in size <5> not available
(Font)              Font shape `U/lasy/m/n' tried instead on input line 213.
 <xymatrix 1x2 135> [43] <xymatrix 1x2 135> <xymatrix 1x2 135> [44] <xymatrix 2x2 144> <xymatrix 1x2 149> [45] [46] <xymatrix 1x2 149> [47] <xymatrix 1x2 135>
<curry.pdf, id=676, 189.70876pt x 180.675pt>
File: curry.pdf Graphic file (type pdf)
<use curry.pdf>
Package pdftex.def Info: curry.pdf  used on input line 588.
(pdftex.def)             Requested size: 90.0pt x 85.71399pt.


LaTeX Font Warning: Font shape `U/lasy/m/n' in size <8.5> not available
(Font)              size <8> substituted on input line 594.


LaTeX Font Warning: Font shape `U/rsfs/m/n' in size <8.5> not available
(Font)              size <8> substituted on input line 594.

[48 <./curry.pdf>] <xymatrix 3x1 196> <xymatrix 2x1 101> [49] <xymatrix 2x1 144> <xymatrix 2x1 144> [50] <xymatrix 2x1 144> [51] <xymatrix 2x2 144> <xymatrix 2x2 144> <xymatrix 2x2 144> <xymatrix 2x2 144>
Package hyperref Info: bookmark level for unknown pfoftheorem defaults to 0 on input line 967.
 <xymatrix 2x1 144> [52]
Package hyperref Info: bookmark level for unknown thm defaults to 0 on input line 1019.
 <xymatrix 2x1 94> <xymatrix 3x2 281> [53] <xymatrix 2x1 94> <xymatrix 2x1 94> <xymatrix 2x1 94> [54] <xymatrix 2x1 100> <xymatrix 5x3 298> [55] <xymatrix 1x2 44> <xymatrix 3x2 104> <xymatrix 3x2 104> <xymatrix 4x4 189> <xymatrix 1x5 56> <xymatrix 4x4 189> <xymatrix 1x5 56>
Overfull \hbox (0.13449pt too wide) detected at line 1349
 [] \OT1/txr/m/n/10 = [] [] [] = []
 []

<xymatrix 2x1 94> [56] <xymatrix 2x1 144> <xymatrix 2x1 144> <xymatrix 2x1 144> [57] <xymatrix 1x2 135> <xymatrix 2x2 144> <xymatrix 2x2 100> [58] <xymatrix 2x2 182> <xymatrix 2x2 212> <xymatrix 3x2 145> <xymatrix 2x2 100> [59] <xymatrix 2x2 103> <xymatrix 2x2 144> <xymatrix 2x1 144> <xymatrix 2x2 144> [60] <xymatrix 2x1 94> <xymatrix 2x2 144> [61] <xymatrix 2x3 234> <xymatrix 2x3 326> <xymatrix 2x2 144> <xymatrix 2x3 152> <xymatrix 2x3 326> [62] <xymatrix 3x3 211> <xymatrix 2x1 144> [63]) [64]
\openout2 = `sets.aux'.

 (./sets.tex
Chapter 3.

Underfull \vbox (badness 10000) has occurred while \output is active []

 [65



]
<set.pdf, id=888, 69.25874pt x 84.315pt>
File: set.pdf Graphic file (type pdf)
<use set.pdf>
Package pdftex.def Info: set.pdf  used on input line 60.
(pdftex.def)             Requested size: 41.07153pt x 50.0pt.
<function.pdf, id=889, 204.765pt x 84.315pt>
File: function.pdf Graphic file (type pdf)
<use function.pdf>
Package pdftex.def Info: function.pdf  used on input line 83.
(pdftex.def)             Requested size: 121.42892pt x 50.0pt.
<composable.pdf, id=890, 351.3125pt x 87.32625pt>
File: composable.pdf Graphic file (type pdf)
<use composable.pdf>
Package pdftex.def Info: composable.pdf  used on input line 87.
(pdftex.def)             Requested size: 201.15077pt x 50.0pt.
<composed.pdf, id=891, 351.3125pt x 80.3pt>
File: composed.pdf Graphic file (type pdf)
<use composed.pdf>
Package pdftex.def Info: composed.pdf  used on input line 91.
(pdftex.def)             Requested size: 201.25262pt x 46.00006pt.
 [66 <./set.pdf> <./function.pdf> <./composable.pdf> <./composed.pdf>] [67]
<sumL.pdf, id=910, 47.17625pt x 85.31876pt>
File: sumL.pdf Graphic file (type pdf)
<use sumL.pdf>
Package pdftex.def Info: sumL.pdf  used on input line 226.
(pdftex.def)             Requested size: 27.6473pt x 50.0pt.
<sumR.pdf, id=911, 69.25874pt x 84.315pt>
File: sumR.pdf Graphic file (type pdf)
<use sumR.pdf>
Package pdftex.def Info: sumR.pdf  used on input line 230.
(pdftex.def)             Requested size: 41.07153pt x 50.0pt.
<sumtot.pdf, id=912, 158.5925pt x 84.315pt>
File: sumtot.pdf Graphic file (type pdf)
<use sumtot.pdf>
Package pdftex.def Info: sumtot.pdf  used on input line 234.
(pdftex.def)             Requested size: 94.04788pt x 50.0pt.
 [68 <./sumL.pdf> <./sumR.pdf> <./sumtot.pdf>]
LaTeX Font Info:    Trying to load font information for OT1+txtt on input line 328.
 (/usr/share/texlive/texmf-dist/tex/latex/txfonts/ot1txtt.fd
File: ot1txtt.fd 2000/12/15 v3.1
) [69] <xymatrix 2x1 94> <xymatrix 2x2 144> [70] [71] [72] [73] [74] [75] <xymatrix 2x1 144> [76] <xymatrix 2x1 94> [77] [78] [79] [80] [81]) [82]
\openout2 = `rep.aux'.

 (./rep.tex
Chapter 4.
[83



] [84] [85] <xymatrix 2x1 144> <xymatrix 2x2 168> <xymatrix 2x2 154> [86] [87] <xymatrix 2x1 20> [88] <xymatrix 2x1 20> [89] <xymatrix 3x2 192> [90] <xymatrix 2x1 94> <xymatrix 2x2 188> [91] [92] <xymatrix 2x1 94> [93] <xymatrix 2x1 20> [94] <xymatrix 3x2 198> [95] <xymatrix 2x1 100> <xymatrix 2x2 182> <xymatrix 2x2 154> [96] <xymatrix 2x2 182> <xymatrix 2x2 182> [97] <xymatrix 2x2 154> <xymatrix 2x1 20> <xymatrix 2x2 182> <xymatrix 2x2 154> [98]
Package hyperref Info: bookmark level for unknown notn defaults to 0 on input line 1388.
 [99] <xymatrix 2x2 144> [100] <xymatrix 2x1 144> [101]
<embedding.pdf, id=1302, 191.71625pt x 187.70125pt>
File: embedding.pdf Graphic file (type pdf)
<use embedding.pdf>
Package pdftex.def Info: embedding.pdf  used on input line 1690.
(pdftex.def)             Requested size: 74.45894pt x 72.90024pt.
 [102] [103 <./embedding.pdf>]
<view.pdf, id=1339, 98.3675pt x 98.3675pt>
File: view.pdf Graphic file (type pdf)
<use view.pdf>
Package pdftex.def Info: view.pdf  used on input line 1820.
(pdftex.def)             Requested size: 97.20032pt x 97.19948pt.
 [104 <./view.pdf>] [105]) [106]
\openout2 = `lims.aux'.

 (./lims.tex
Chapter 5.
[107



] <xymatrix 3x2 108> <xymatrix 3x2 108> <xymatrix 3x3 243> [108] [109] <xymatrix 3x2 108> <xymatrix 3x2 94> [110] [111] <xymatrix 3x1 139> <xymatrix 2x1 94> <xymatrix 3x1 139> <xymatrix 2x2 141> [112] <xymatrix 2x1 94> <xymatrix 2x1 94> <xymatrix 2x1 100> <xymatrix 2x1 94>
Underfull \hbox (badness 2088) in paragraph at lines 624--636
[]\OT1/txr/m/n/10 Take con-tin-u-ous maps $[]$ be-tween topo-log-i-cal
 []

[113] <xymatrix 3x1 142> <xymatrix 2x1 94> <xymatrix 2x2 100> <xymatrix 2x2 182> <xymatrix 2x2 182> [114] <xymatrix 3x3 339> <xymatrix 2x2 182> [115] <xymatrix 2x2 182> <xymatrix 3x3 345> <xymatrix 2x2 154> [116] <xymatrix 2x1 94> <xymatrix 2x2 100> [117] <xymatrix 2x1 94> <xymatrix 2x2 86> <xymatrix 3x3 243> <xymatrix 2x3 149> [118] <xymatrix 2x1 94> <xymatrix 3x2 192> [119] <xymatrix 3x1 139> <xymatrix 2x2 100> [120] [121] <xymatrix 2x1 100> <xymatrix 2x1 100> [122] <xymatrix 2x1 94> <xymatrix 2x2 182> [123] <xymatrix 3x1 139> <xymatrix 2x2 182> <xymatrix 3x2 264> [124] <xymatrix 2x1 94> <xymatrix 2x1 100> [125] <xymatrix 2x2 182> <xymatrix 2x3 145> [126] <xymatrix 3x1 102> <xymatrix 3x1 96> <xymatrix 3x3 235> [127] <xymatrix 3x1 102> [128] <xymatrix 2x1 94> [129] <xymatrix 2x1 94> <xymatrix 2x1 94> <xymatrix 2x2 82> <xymatrix 2x2 96> <xymatrix 2x2 168> [130] <xymatrix 2x2 154> <xymatrix 2x2 82> [131]
<sphere_lim.pdf, id=1719, 110.4125pt x 121.45375pt>
File: sphere_lim.pdf Graphic file (type pdf)
<use sphere_lim.pdf>
Package pdftex.def Info: sphere_lim.pdf  used on input line 2332.
(pdftex.def)             Requested size: 110.96516pt x 122.06685pt.
<sphere_colim.pdf, id=1720, 93.34875pt x 90.3375pt>
File: sphere_colim.pdf Graphic file (type pdf)
<use sphere_colim.pdf>
Package pdftex.def Info: sphere_colim.pdf  used on input line 2343.
(pdftex.def)             Requested size: 93.8936pt x 90.86934pt.
 [132 <./sphere_lim.pdf> <./sphere_colim.pdf>] <xymatrix 3x1 132> <xymatrix 3x1 118> [133] <xymatrix 2x1 94> <xymatrix 2x1 94> [134] <xymatrix 2x1 94> [135] [136] [137]
<creation.pdf, id=1805, 145.54375pt x 171.64125pt>
File: creation.pdf Graphic file (type pdf)
<use creation.pdf>
Package pdftex.def Info: creation.pdf  used on input line 2913.
(pdftex.def)             Requested size: 106.84122pt x 126.0pt.
 [138] [139 <./creation.pdf>] <xymatrix 3x1 99> <xymatrix 2x1 144> [140]) [141]
\openout2 = `arl.aux'.

 (./arl.tex
Chapter 6.
[142



] <xymatrix 2x1 20> [143] <xymatrix 3x7 645> <xymatrix 2x1 20> <xymatrix 2x2 188> [144] <xymatrix 2x2 188> <xymatrix 2x2 188> [145] <xymatrix 2x1 94> <xymatrix 2x1 94> [146] <xymatrix 2x1 94> <xymatrix 2x1 94> <xymatrix 3x1 99> [147] [148]
Overfull \hbox (0.56235pt too wide) in paragraph at lines 586--593
[]\OT1/txr/m/n/10 We now be-gin an anal-y-sis of lim-its and col-im-its in func-tor cat-e-gories $[\OT1/txr/bx/n/10 A\OML/txmi/m/it/10 ; \U/rsfs/m/n/10 S\OT1/txr/m/n/10 ]$.
 []

[149] <xymatrix 2x1 20> <xymatrix 2x2 188> <xymatrix 2x1 20> [150] [151] [152] <xymatrix 2x1 51> [153] [154] [155] <xymatrix 2x3 151> [156] <xymatrix 2x1 20> [157] [158] <xymatrix 2x1 144> <xymatrix 2x1 144> [159] [160] [161] [162] [163] [164] [165] [166] [167] <xymatrix 2x1 94> [168] [169]) [170]
\openout2 = `gaft.aux'.

 (./gaft.tex
Appendix A.

Package hyperref Warning: Token not allowed in a PDF string (PDFDocEncoding):
(hyperref)                removing `\hbox' on input line 9.


Package hyperref Warning: Token not allowed in a PDF string (PDFDocEncoding):
(hyperref)                removing `\hfil' on input line 9.

[171





]
Package hyperref Info: bookmark level for unknown alemma defaults to 0 on input line 77.
 <xymatrix 3x1 139> <xymatrix 4x1 141> [172]
Package hyperref Info: bookmark level for unknown aquestion defaults to 0 on input line 159.
) [173]
\openout2 = `reading.aux'.

 (./reading.tex [174



] [175]) [176]
\openout2 = `notation.aux'.

 (./notation.tex
Underfull \hbox (badness 10000) in paragraph at lines 20--36

 []


Underfull \hbox (badness 10000) in paragraph at lines 40--80

 []


Underfull \hbox (badness 10000) in paragraph at lines 84--92

 []


Underfull \hbox (badness 10000) in paragraph at lines 96--101

 []


Underfull \hbox (badness 10000) in paragraph at lines 105--150

 []

[177



]) (./see.tex) (./BasicCategoryTheory.ind
Index.
[178


] [179] [180] [181] [182] [183])
\tf@thm=\write8
\openout8 = `BasicCategoryTheory.thm'.

Package atveryend Info: Empty hook `BeforeClearDocument' on input line 50.
Package atveryend Info: Empty hook `AfterLastShipout' on input line 50.
 (./BasicCategoryTheory.aux (./titlepages.aux) (./arxivpreface.aux) (./front.aux) (./preface.aux) (./intro.aux) (./cfnt.aux) (./adj.aux) (./sets.aux) (./rep.aux) (./lims.aux) (./arl.aux) (./gaft.aux) (./reading.aux) (./notation.aux))
Package atveryend Info: Executing hook `AtVeryEndDocument' on input line 50.
Package atveryend Info: Executing hook `AtEndAfterFileList' on input line 50.
Package rerunfilecheck Info: File `BasicCategoryTheory.out' has not changed.
(rerunfilecheck)             Checksum: C2E2ED561B15B05B5410DEE0160F805C;689.


LaTeX Font Warning: Size substitutions with differences
(Font)              up to 0.5pt have occurred.

Package atveryend Info: Empty hook `AtVeryVeryEnd' on input line 50.
 ) 
Here is how much of TeX's memory you used:
 13545 strings out of 481239
 182869 string characters out of 5920377
 547263 words of memory out of 5000000
 27416 multiletter control sequences out of 15000+600000
 613626 words of font info for 219 fonts, out of 8000000 for 9000
 1146 hyphenation exceptions out of 8191
 37i,28n,41p,3278b,1049s stack positions out of 5000i,500n,10000p,200000b,80000s
{/usr/share/texlive/texmf-dist/fonts/enc/dvips/base/8r.enc}</usr/share/texlive/texmf-dist/fonts/type1/public/amsfonts/latxfont/lcircle1.pfb></usr/share/texlive/texmf-dist/fonts/type1/public/rsfs/rsfs10.pfb></usr/share/texlive/texmf-dist/fonts/type1/public/rsfs/rsfs5.pfb></usr/share/texlive/texmf-dist/fonts/type1/public/rsfs/rsfs7.pfb></usr/share/texlive/texmf-dist/fonts/type1/public/txfonts/rtcxr.pfb></usr/share/texlive/texmf-dist/fonts/type1/public/txfonts/rtxb.pfb></usr/share/texlive/texmf-dist/fonts/type1/public/txfonts/rtxmi.pfb></usr/share/texlive/texmf-dist/fonts/type1/public/txfonts/rtxr.pfb></usr/share/texlive/texmf-dist/fonts/type1/public/txfonts/txbsy.pfb></usr/share/texlive/texmf-dist/fonts/type1/public/txfonts/txex.pfb></usr/share/texlive/texmf-dist/fonts/type1/public/txfonts/txexa.pfb></usr/share/texlive/texmf-dist/fonts/type1/public/txfonts/txsy.pfb></usr/share/texlive/texmf-dist/fonts/type1/public/txfonts/txsya.pfb></usr/share/texlive/texmf-dist/fonts/type1/public/txfonts/txsyb.pfb></usr/share/texlive/texmf-dist/fonts/type1/public/txfonts/txsyc.pfb></usr/share/texlive/texmf-dist/fonts/type1/public/txfonts/txtt.pfb></usr/share/texlive/texmf-dist/fonts/type1/urw/times/utmb8a.pfb></usr/share/texlive/texmf-dist/fonts/type1/urw/times/utmbi8a.pfb></usr/share/texlive/texmf-dist/fonts/type1/urw/times/utmr8a.pfb></usr/share/texlive/texmf-dist/fonts/type1/urw/times/utmri8a.pfb></usr/share/texlive/texmf-dist/fonts/type1/public/xypic/xyatip10.pfb></usr/share/texlive/texmf-dist/fonts/type1/public/xypic/xybsql10.pfb></usr/share/texlive/texmf-dist/fonts/type1/public/xypic/xybtip10.pfb></usr/share/texlive/texmf-dist/fonts/type1/public/xypic/xycmat10.pfb></usr/share/texlive/texmf-dist/fonts/type1/public/xypic/xycmbt10.pfb></usr/share/texlive/texmf-dist/fonts/type1/public/xypic/xydash10.pfb>
Output written on BasicCategoryTheory.pdf (191 pages, 786467 bytes).
PDF statistics:
 3620 PDF objects out of 4296 (max. 8388607)
 3354 compressed objects within 34 object streams
 956 named destinations out of 1000 (max. 500000)
 162 words of extra memory for PDF output out of 10000 (max. 10000000)

